<?xml version="1.0" encoding="UTF-8"?>
<!-- Generated by org.testng.reporters.JUnitReportReporter -->
<testsuite hostname="LAPTOP-8GNHOKV2" failures="0" tests="6" name="com.Testng.Attribute.Ng8_Ignore" time="0.010" errors="0" timestamp="2023-04-27T12:58:38 IST" skipped="1">
  <testcase classname="com.Testng.Attribute.Ng8_Ignore" name="rcb" time="0.007"/>
  <system-out/>
  <testcase classname="com.Testng.Attribute.Ng8_Ignore" name="batting" time="0.001"/>
  <system-out/>
  <testcase classname="com.Testng.Attribute.Ng8_Ignore" name="bowling" time="0.001"/>
  <system-out/>
  <testcase classname="com.Testng.Attribute.Ng8_Ignore" name="teamloss" time="0.000"/>
  <system-out/>
  <testcase classname="com.Testng.Attribute.Ng8_Ignore" name="teamwin" time="0.001"/>
  <system-out/>
  <testcase classname="com.Testng.Attribute.Ng8_Ignore" name="kkr">
    <skipped/>
  </testcase> <!-- kkr -->
  <system-out/>
</testsuite> <!-- com.Testng.Attribute.Ng8_Ignore -->
