<?xml version="1.0" encoding="UTF-8"?>
<!-- Generated by org.testng.reporters.JUnitReportReporter -->
<testsuite hostname="LAPTOP-8GNHOKV2" failures="0" tests="1" name="com.Testng.Attribute.Ng7_Alwaysrun" time="0.001" errors="0" timestamp="2023-04-28T11:19:13 IST" skipped="0">
  <testcase classname="com.Testng.Attribute.Ng7_Alwaysrun" name="teamloss" time="0.001"/>
  <system-out/>
</testsuite> <!-- com.Testng.Attribute.Ng7_Alwaysrun -->
