<?xml version="1.0" encoding="UTF-8"?>
<!-- Generated by org.testng.reporters.JUnitReportReporter -->
<testsuite hostname="LAPTOP-8GNHOKV2" failures="0" tests="2" name="com.Ng_Produtarget.Runner_Testng" time="0.007" errors="0" timestamp="2023-04-26T15:27:54 IST" skipped="0">
  <testcase classname="com.Ng_Produtarget.Runner_Testng" name="australia" time="0.006"/>
  <system-out/>
  <testcase classname="com.Ng_Produtarget.Runner_Testng" name="india" time="0.001"/>
  <system-out/>
</testsuite> <!-- com.Ng_Produtarget.Runner_Testng -->
