<?xml version="1.0" encoding="UTF-8"?>
<!-- Generated by org.testng.reporters.JUnitReportReporter -->
<testsuite hostname="LAPTOP-8GNHOKV2" failures="0" tests="3" name="com.Testng.Attribute.Ng96_ClassDataProvider" time="9.196" errors="0" timestamp="2023-05-11T19:21:52 IST" skipped="0">
  <testcase classname="com.Testng.Attribute.Ng96_ClassDataProvider" name="test" time="2.993"/>
  <system-out/>
  <testcase classname="com.Testng.Attribute.Ng96_ClassDataProvider" name="test" time="3.572"/>
  <system-out/>
  <testcase classname="com.Testng.Attribute.Ng96_ClassDataProvider" name="test" time="2.631"/>
  <system-out/>
</testsuite> <!-- com.Testng.Attribute.Ng96_ClassDataProvider -->
