<?xml version="1.0" encoding="UTF-8"?>
<!-- Generated by org.testng.reporters.JUnitReportReporter -->
<testsuite hostname="LAPTOP-8GNHOKV2" failures="0" tests="1" name="com.Testng.Attribute.Ng93_AssertSoft" time="3.135" errors="0" timestamp="2023-05-11T19:54:05 IST" skipped="0">
  <testcase classname="com.Testng.Attribute.Ng93_AssertSoft" name="test" time="3.135"/>
  <system-out/>
</testsuite> <!-- com.Testng.Attribute.Ng93_AssertSoft -->
