<?xml version="1.0" encoding="UTF-8"?>
<!-- Generated by org.testng.reporters.JUnitReportReporter -->
<testsuite hostname="LAPTOP-8GNHOKV2" failures="0" tests="1" name="com.Testng.Attribute.Ng95_Optional" time="3.096" errors="0" timestamp="2023-05-11T19:00:19 IST" skipped="0">
  <testcase classname="com.Testng.Attribute.Ng95_Optional" name="test" time="3.096"/>
  <system-out/>
</testsuite> <!-- com.Testng.Attribute.Ng95_Optional -->
