<?xml version="1.0" encoding="UTF-8"?>
<!-- Generated by org.testng.reporters.JUnitReportReporter -->
<testsuite hostname="LAPTOP-8GNHOKV2" failures="0" tests="3" name="com.Testng.Attribute.Ng92_Dataprovider" time="6.255" errors="0" timestamp="2023-05-12T17:24:57 IST" skipped="0">
  <testcase classname="com.Testng.Attribute.Ng92_Dataprovider" name="test" time="1.722"/>
  <system-out/>
  <testcase classname="com.Testng.Attribute.Ng92_Dataprovider" name="test" time="1.892"/>
  <system-out/>
  <testcase classname="com.Testng.Attribute.Ng92_Dataprovider" name="test" time="2.641"/>
  <system-out/>
</testsuite> <!-- com.Testng.Attribute.Ng92_Dataprovider -->
