<?xml version="1.0" encoding="UTF-8"?>
<!-- Generated by org.testng.reporters.JUnitReportReporter -->
<testsuite hostname="LAPTOP-8GNHOKV2" failures="0" tests="12" name="com.Testng.Attribute.Ng2_Invocation" time="0.012" errors="0" timestamp="2023-04-27T11:50:30 IST" skipped="0">
  <testcase classname="com.Testng.Attribute.Ng2_Invocation" name="toss" time="0.006"/>
  <system-out/>
  <testcase classname="com.Testng.Attribute.Ng2_Invocation" name="kkr" time="0.001"/>
  <system-out/>
  <testcase classname="com.Testng.Attribute.Ng2_Invocation" name="rcb" time="0.000"/>
  <system-out/>
  <testcase classname="com.Testng.Attribute.Ng2_Invocation" name="rcb" time="0.001"/>
  <system-out/>
  <testcase classname="com.Testng.Attribute.Ng2_Invocation" name="batting" time="0.000"/>
  <system-out/>
  <testcase classname="com.Testng.Attribute.Ng2_Invocation" name="batting" time="0.001"/>
  <system-out/>
  <testcase classname="com.Testng.Attribute.Ng2_Invocation" name="batting" time="0.000"/>
  <system-out/>
  <testcase classname="com.Testng.Attribute.Ng2_Invocation" name="batting" time="0.001"/>
  <system-out/>
  <testcase classname="com.Testng.Attribute.Ng2_Invocation" name="batting" time="0.000"/>
  <system-out/>
  <testcase classname="com.Testng.Attribute.Ng2_Invocation" name="bowling" time="0.001"/>
  <system-out/>
  <testcase classname="com.Testng.Attribute.Ng2_Invocation" name="teamloss" time="0.001"/>
  <system-out/>
  <testcase classname="com.Testng.Attribute.Ng2_Invocation" name="teamwin" time="0.000"/>
  <system-out/>
</testsuite> <!-- com.Testng.Attribute.Ng2_Invocation -->
