<?xml version="1.0" encoding="UTF-8"?>
<!-- Generated by org.testng.reporters.JUnitReportReporter -->
<testsuite hostname="LAPTOP-8GNHOKV2" failures="0" tests="2" name="com.Testng.Attribute.Ng91_Paralleltesting" time="20.868" errors="0" timestamp="2023-04-28T11:41:47 IST" skipped="0">
  <testcase classname="com.Testng.Attribute.Ng91_Paralleltesting" name="amazon" time="9.575"/>
  <system-out/>
  <testcase classname="com.Testng.Attribute.Ng91_Paralleltesting" name="facebook" time="11.293"/>
  <system-out/>
</testsuite> <!-- com.Testng.Attribute.Ng91_Paralleltesting -->
