<?xml version="1.0" encoding="UTF-8"?>
<!-- Generated by org.testng.reporters.JUnitReportReporter -->
<testsuite hostname="LAPTOP-8GNHOKV2" failures="0" tests="1" name="com.Testng.Attribute.Ng98_HardAssert" time="5.567" errors="0" timestamp="2023-05-11T19:58:29 IST" skipped="0">
  <testcase classname="com.Testng.Attribute.Ng98_HardAssert" name="test" time="5.567"/>
  <system-out/>
</testsuite> <!-- com.Testng.Attribute.Ng98_HardAssert -->
