<?xml version="1.0" encoding="UTF-8"?>
<!-- Generated by org.testng.reporters.JUnitReportReporter -->
<testsuite hostname="LAPTOP-8GNHOKV2" failures="0" tests="7" name="com.Testng.Attribute.Ng6_Dependsonmethod" time="0.013" errors="0" timestamp="2023-04-27T12:32:28 IST" skipped="0">
  <testcase classname="com.Testng.Attribute.Ng6_Dependsonmethod" name="toss" time="0.006"/>
  <system-out/>
  <testcase classname="com.Testng.Attribute.Ng6_Dependsonmethod" name="rcb" time="0.001"/>
  <system-out/>
  <testcase classname="com.Testng.Attribute.Ng6_Dependsonmethod" name="batting" time="0.001"/>
  <system-out/>
  <testcase classname="com.Testng.Attribute.Ng6_Dependsonmethod" name="bowling" time="0.001"/>
  <system-out/>
  <testcase classname="com.Testng.Attribute.Ng6_Dependsonmethod" name="teamloss" time="0.001"/>
  <system-out/>
  <testcase classname="com.Testng.Attribute.Ng6_Dependsonmethod" name="kkr" time="0.001"/>
  <system-out/>
  <testcase classname="com.Testng.Attribute.Ng6_Dependsonmethod" name="teamwin" time="0.002"/>
  <system-out/>
</testsuite> <!-- com.Testng.Attribute.Ng6_Dependsonmethod -->
