<?xml version="1.0" encoding="UTF-8"?>
<!-- Generated by org.testng.reporters.JUnitReportReporter -->
<testsuite hostname="LAPTOP-8GNHOKV2" failures="0" tests="7" name="com.Testng.Attribute.Ng5_Expectedexception" time="0.013" errors="0" timestamp="2023-04-27T12:01:15 IST" skipped="0">
  <testcase classname="com.Testng.Attribute.Ng5_Expectedexception" name="toss" time="0.009"/>
  <system-out/>
  <testcase classname="com.Testng.Attribute.Ng5_Expectedexception" name="kkr" time="0.001"/>
  <system-out/>
  <testcase classname="com.Testng.Attribute.Ng5_Expectedexception" name="rcb" time="0.000"/>
  <system-out/>
  <testcase classname="com.Testng.Attribute.Ng5_Expectedexception" name="batting" time="0.001"/>
  <system-out/>
  <testcase classname="com.Testng.Attribute.Ng5_Expectedexception" name="bowling" time="0.001"/>
  <system-out/>
  <testcase classname="com.Testng.Attribute.Ng5_Expectedexception" name="teamloss" time="0.000"/>
  <system-out/>
  <testcase classname="com.Testng.Attribute.Ng5_Expectedexception" name="teamwin" time="0.001"/>
  <system-out/>
</testsuite> <!-- com.Testng.Attribute.Ng5_Expectedexception -->
