<?xml version="1.0" encoding="UTF-8"?>
<!-- Generated by org.testng.reporters.JUnitReportReporter -->
<testsuite hostname="LAPTOP-8GNHOKV2" failures="0" tests="7" name="com.Testng.Attribute.Ng3_InvocationTimeout" time="0.016" errors="0" timestamp="2023-04-27T11:53:42 IST" skipped="0">
  <testcase classname="com.Testng.Attribute.Ng3_InvocationTimeout" name="toss" time="0.007"/>
  <system-out/>
  <testcase classname="com.Testng.Attribute.Ng3_InvocationTimeout" name="kkr" time="0.001"/>
  <system-out/>
  <testcase classname="com.Testng.Attribute.Ng3_InvocationTimeout" name="rcb" time="0.004"/>
  <system-out/>
  <testcase classname="com.Testng.Attribute.Ng3_InvocationTimeout" name="batting" time="0.002"/>
  <system-out/>
  <testcase classname="com.Testng.Attribute.Ng3_InvocationTimeout" name="bowling" time="0.001"/>
  <system-out/>
  <testcase classname="com.Testng.Attribute.Ng3_InvocationTimeout" name="teamloss" time="0.001"/>
  <system-out/>
  <testcase classname="com.Testng.Attribute.Ng3_InvocationTimeout" name="teamwin" time="0.000"/>
  <system-out/>
</testsuite> <!-- com.Testng.Attribute.Ng3_InvocationTimeout -->
