<?xml version="1.0" encoding="UTF-8"?>
<!-- Generated by org.testng.reporters.JUnitReportReporter -->
<testsuite hostname="LAPTOP-8GNHOKV2" failures="0" tests="7" name="com.Testng.Attribute.Ng4_Description" time="0.010" errors="0" timestamp="2023-04-27T11:56:22 IST" skipped="0">
  <testcase classname="com.Testng.Attribute.Ng4_Description" name="toss" time="0.007"/>
  <system-out/>
  <testcase classname="com.Testng.Attribute.Ng4_Description" name="kkr" time="0.000"/>
  <system-out/>
  <testcase classname="com.Testng.Attribute.Ng4_Description" name="rcb" time="0.000"/>
  <system-out/>
  <testcase classname="com.Testng.Attribute.Ng4_Description" name="batting" time="0.002"/>
  <system-out/>
  <testcase classname="com.Testng.Attribute.Ng4_Description" name="bowling" time="0.000"/>
  <system-out/>
  <testcase classname="com.Testng.Attribute.Ng4_Description" name="teamloss" time="0.000"/>
  <system-out/>
  <testcase classname="com.Testng.Attribute.Ng4_Description" name="teamwin" time="0.001"/>
  <system-out/>
</testsuite> <!-- com.Testng.Attribute.Ng4_Description -->
