<?xml version="1.0" encoding="UTF-8"?>
<!-- Generated by org.testng.reporters.JUnitReportReporter -->
<testsuite hostname="LAPTOP-8GNHOKV2" failures="0" tests="7" name="com.Testng.Attribute.Ng1_Priority" time="0.010" errors="0" timestamp="2023-04-27T11:31:13 IST" skipped="0">
  <testcase classname="com.Testng.Attribute.Ng1_Priority" name="toss" time="0.005"/>
  <system-out/>
  <testcase classname="com.Testng.Attribute.Ng1_Priority" name="kkr" time="0.001"/>
  <system-out/>
  <testcase classname="com.Testng.Attribute.Ng1_Priority" name="rcb" time="0.000"/>
  <system-out/>
  <testcase classname="com.Testng.Attribute.Ng1_Priority" name="batting" time="0.001"/>
  <system-out/>
  <testcase classname="com.Testng.Attribute.Ng1_Priority" name="bowling" time="0.002"/>
  <system-out/>
  <testcase classname="com.Testng.Attribute.Ng1_Priority" name="teamloss" time="0.000"/>
  <system-out/>
  <testcase classname="com.Testng.Attribute.Ng1_Priority" name="teamwin" time="0.001"/>
  <system-out/>
</testsuite> <!-- com.Testng.Attribute.Ng1_Priority -->
